<?xml version="1.0" encoding="UTF-8"?>
<!-- Generated by org.testng.reporters.JUnitReportReporter -->
<testsuite hostname="DESKTOP-9N4ETF7" failures="0" tests="2" name="com.crm.Practise.ExpOnDependsOnMethods" time="0.064" errors="0" timestamp="2025-10-14T15:47:19 IST" skipped="0">
  <testcase classname="com.crm.Practise.ExpOnDependsOnMethods" name="DeleteContact" time="0.016"/>
  <system-out/>
  <testcase classname="com.crm.Practise.ExpOnDependsOnMethods" name="ModifyContact" time="0.048"/>
  <system-out/>
</testsuite> <!-- com.crm.Practise.ExpOnDependsOnMethods -->
