<?xml version="1.0" encoding="UTF-8"?>
<!-- Generated by org.testng.reporters.JUnitReportReporter -->
<testsuite hostname="DESKTOP-9N4ETF7" failures="0" tests="3" name="com.crm.Practise.ExpOnDataProvider" time="0.055" errors="0" timestamp="2025-10-15T11:08:01 IST" skipped="0">
  <testcase classname="com.crm.Practise.ExpOnDataProvider" name="LoginToFBApp" time="0.010"/>
  <system-out/>
  <testcase classname="com.crm.Practise.ExpOnDataProvider" name="LoginToFBApp" time="0.005"/>
  <system-out/>
  <testcase classname="com.crm.Practise.ExpOnDataProvider" name="LoginToFBApp" time="0.040"/>
  <system-out/>
</testsuite> <!-- com.crm.Practise.ExpOnDataProvider -->
