<?xml version="1.0" encoding="UTF-8"?>
<!-- Generated by org.testng.reporters.JUnitReportReporter -->
<testsuite hostname="DESKTOP-9N4ETF7" failures="0" tests="6" name="com.crm.Practise.ExpOnInvocationCount" time="0.051" errors="0" timestamp="2025-10-14T15:53:31 IST" skipped="0">
  <testcase classname="com.crm.Practise.ExpOnInvocationCount" name="CreateContact" time="0.011"/>
  <system-out/>
  <testcase classname="com.crm.Practise.ExpOnInvocationCount" name="CreateOrganisation" time="0.008"/>
  <system-out/>
  <testcase classname="com.crm.Practise.ExpOnInvocationCount" name="CreateContact" time="0.017"/>
  <system-out/>
  <testcase classname="com.crm.Practise.ExpOnInvocationCount" name="CreateOrganisation" time="0.007"/>
  <system-out/>
  <testcase classname="com.crm.Practise.ExpOnInvocationCount" name="CreateOrganisation" time="0.004"/>
  <system-out/>
  <testcase classname="com.crm.Practise.ExpOnInvocationCount" name="CreateOrganisation" time="0.004"/>
  <system-out/>
</testsuite> <!-- com.crm.Practise.ExpOnInvocationCount -->
