<?xml version="1.0" encoding="UTF-8"?>
<!-- Generated by org.testng.reporters.JUnitReportReporter -->
<testsuite hostname="DESKTOP-9N4ETF7" failures="0" tests="2" name="com.crm.Practise.ExpOn_BM_and_AM" time="0.022" errors="0" timestamp="2025-10-15T12:28:13 IST" skipped="0">
  <testcase classname="com.crm.Practise.ExpOn_BM_and_AM" name="Post_Quote_FB" time="0.006"/>
  <system-out/>
  <testcase classname="com.crm.Practise.ExpOn_BM_and_AM" name="Post_IMG_FB" time="0.016"/>
  <system-out/>
</testsuite> <!-- com.crm.Practise.ExpOn_BM_and_AM -->
