<?xml version="1.0" encoding="UTF-8"?>
<!-- Generated by org.testng.reporters.JUnitReportReporter -->
<testsuite hostname="DESKTOP-9N4ETF7" failures="0" tests="2" name="com.crm.Practise.ExpOnEnabled" time="0.019" errors="0" timestamp="2025-10-14T15:59:46 IST" skipped="1">
  <testcase classname="com.crm.Practise.ExpOnEnabled" name="CreateOrganisation" time="0.019"/>
  <system-out/>
  <testcase classname="com.crm.Practise.ExpOnEnabled" name="CreateContact">
    <skipped/>
  </testcase> <!-- CreateContact -->
  <system-out/>
</testsuite> <!-- com.crm.Practise.ExpOnEnabled -->
