<?xml version="1.0" encoding="UTF-8"?>
<!-- Generated by org.testng.reporters.JUnitReportReporter -->
<testsuite hostname="DESKTOP-9N4ETF7" failures="0" tests="1" name="testNG.GetProductInfo_DataProv_Test" time="0.000" errors="0" timestamp="2025-09-30T13:02:37 IST" skipped="1">
  <testcase classname="testNG.GetProductInfo_DataProv_Test" name="getProductInfoTest" time="0.000">
    <skipped/>
  </testcase> <!-- getProductInfoTest -->
  <system-out/>
</testsuite> <!-- testNG.GetProductInfo_DataProv_Test -->
