<?xml version="1.0" encoding="UTF-8"?>
<!-- Generated by org.testng.reporters.JUnitReportReporter -->
<testsuite hostname="DESKTOP-9N4ETF7" failures="0" tests="2" name="com.crm.Practise.ExpOnGroupExecution2" time="0.027" errors="0" timestamp="2025-10-14T18:26:05 IST" skipped="0">
  <testcase classname="com.crm.Practise.ExpOnGroupExecution2" name="Insta_PostImage" time="0.019"/>
  <system-out/>
  <testcase classname="com.crm.Practise.ExpOnGroupExecution2" name="LoginToInstaApp" time="0.008"/>
  <system-out/>
</testsuite> <!-- com.crm.Practise.ExpOnGroupExecution2 -->
