<?xml version="1.0" encoding="UTF-8"?>
<!-- Generated by org.testng.reporters.JUnitReportReporter -->
<testsuite hostname="DESKTOP-9N4ETF7" failures="0" tests="2" name="com.crm.Practise.ExpOnGroupExecution1" time="0.010" errors="0" timestamp="2025-10-14T18:26:05 IST" skipped="0">
  <testcase classname="com.crm.Practise.ExpOnGroupExecution1" name="LoginToFBApp" time="0.006"/>
  <system-out/>
  <testcase classname="com.crm.Practise.ExpOnGroupExecution1" name="FB_PostImage" time="0.004"/>
  <system-out/>
</testsuite> <!-- com.crm.Practise.ExpOnGroupExecution1 -->
