<?xml version="1.0" encoding="UTF-8"?>
<!-- Generated by org.testng.reporters.JUnitXMLReporter -->
<testsuite ignored="0" hostname="DESKTOP-9N4ETF7" failures="0" tests="4" name="Test" time="0.113" errors="0" timestamp="2025-10-14T18:26:05 IST">
  <testcase classname="com.crm.Practise.ExpOnGroupExecution2" name="Insta_PostImage" time="0.019"/>
  <testcase classname="com.crm.Practise.ExpOnGroupExecution2" name="LoginToInstaApp" time="0.008"/>
  <testcase classname="com.crm.Practise.ExpOnGroupExecution1" name="FB_PostImage" time="0.004"/>
  <testcase classname="com.crm.Practise.ExpOnGroupExecution1" name="LoginToFBApp" time="0.006"/>
</testsuite> <!-- Test -->
