<?xml version="1.0" encoding="UTF-8"?>
<testng-results ignored="0" total="1" passed="1" failed="0" skipped="0">
  <reporter-output>
  </reporter-output>
  <suite started-at="2025-10-29T18:02:31 IST" name="Default suite" finished-at="2025-10-29T18:03:38 IST" duration-ms="67297">
    <groups>
    </groups>
    <test started-at="2025-10-29T18:02:31 IST" name="Default test" finished-at="2025-10-29T18:03:38 IST" duration-ms="67297">
      <class name="com.HRM.ProjectsModule.CreateProjects">
        <test-method signature="Creating_Projects()[pri:0, instance:com.HRM.ProjectsModule.CreateProjects@483f6d77]" started-at="2025-10-29T18:02:31 IST" name="Creating_Projects" finished-at="2025-10-29T18:03:38 IST" duration-ms="67232" status="PASS">
          <reporter-output>
          </reporter-output>
        </test-method> <!-- Creating_Projects -->
      </class> <!-- com.HRM.ProjectsModule.CreateProjects -->
    </test> <!-- Default test -->
  </suite> <!-- Default suite -->
</testng-results>
